1509698860257	geckodriver	INFO	geckodriver 0.19.1
1509698860267	geckodriver	INFO	Listening on 127.0.0.1:51791
1509698860853	mozrunner::runner	INFO	Running command: "C:\\Program Files\\Mozilla Firefox\\firefox.exe" "-marionette" "-profile" "C:\\Users\\huyru\\AppData\\Local\\Temp\\rust_mozprofile.S90Y6SAZfhVF"
1509698861086	addons.xpi	WARN	Error parsing extensions state: [Exception... "Component returned failure code: 0x80520012 (NS_ERROR_FILE_NOT_FOUND) [amIAddonManagerStartup.readStartupData]"  nsresult: "0x80520012 (NS_ERROR_FILE_NOT_FOUND)"  location: "JS frame :: resource://gre/modules/addons/XPIProvider.jsm :: loadExtensionState :: line 1554"  data: no] Stack trace: loadExtensionState()@resource://gre/modules/addons/XPIProvider.jsm:1554 < getInstallState()@resource://gre/modules/addons/XPIProvider.jsm:1589 < checkForChanges()@resource://gre/modules/addons/XPIProvider.jsm:3109 < startup()@resource://gre/modules/addons/XPIProvider.jsm:2188 < callProvider()@resource://gre/modules/AddonManager.jsm:269 < _startProvider()@resource://gre/modules/AddonManager.jsm:739 < startup()@resource://gre/modules/AddonManager.jsm:906 < startup()@resource://gre/modules/AddonManager.jsm:3090 < observe()@jar:file:///C:/Program%20Files/Mozilla%20Firefox/omni.ja!/components/addonManager.js:65
1509698861522	Marionette	INFO	Enabled via --marionette
Unable to read VR Path Registry from C:\Users\huyru\AppData\Local\openvr\openvrpaths.vrpath
[Parent 9720] WARNING: pipe error: 109: file z:/build/build/src/ipc/chromium/src/chrome/common/ipc_channel_win.cc, line 346
Unable to read VR Path Registry from C:\Users\huyru\AppData\Local\openvr\openvrpaths.vrpath
[Child 10260] WARNING: pipe error: 109: file z:/build/build/src/ipc/chromium/src/chrome/common/ipc_channel_win.cc, line 346
1509698863168	Marionette	INFO	Listening on port 51795
1509698863470	Marionette	WARN	TLS certificate errors will be ignored for this session
1509698863521	Marionette	DEBUG	Register listener.js for window 4294967297
1509698863551	Marionette	DEBUG	Received DOM event "beforeunload" for "about:blank"
1509698864619	Marionette	DEBUG	Received DOM event "pagehide" for "about:blank"
1509698864619	Marionette	DEBUG	Received DOM event "unload" for "about:blank"
1509698865193	Marionette	DEBUG	Received DOM event "DOMContentLoaded" for "https://www.facebook.com/"
1509698865987	Marionette	DEBUG	Received DOM event "pageshow" for "https://www.facebook.com/"
1509698866416	Marionette	DEBUG	Received DOM event "beforeunload" for "https://www.facebook.com/"
1509698867510	Marionette	DEBUG	Received DOM event "pagehide" for "https://www.facebook.com/"
1509698867525	Marionette	DEBUG	Received DOM event "unload" for "https://www.facebook.com/"
1509698868327	Marionette	DEBUG	Received observer notification "outer-window-destroyed" for "4294967310"
1509698868328	Marionette	DEBUG	Received observer notification "outer-window-destroyed" for "4294967301"
1509698868332	Marionette	DEBUG	Received observer notification "outer-window-destroyed" for "4294967312"
1509698868334	Marionette	DEBUG	Received observer notification "outer-window-destroyed" for "4294967302"
1509698868335	Marionette	DEBUG	Received observer notification "outer-window-destroyed" for "4294967305"
1509698869225	Marionette	DEBUG	Received DOM event "DOMContentLoaded" for "https://www.facebook.com/"
1509698871450	Marionette	DEBUG	Received observer notification "outer-window-destroyed" for "4294967323"
1509698872284	Marionette	DEBUG	Received observer notification "outer-window-destroyed" for "4294967321"
1509698873171	Marionette	DEBUG	Received DOM event "pageshow" for "https://www.facebook.com/"
[Parent 9720] WARNING: pipe error: 109: file z:/build/build/src/ipc/chromium/src/chrome/common/ipc_channel_win.cc, line 346
Unable to read VR Path Registry from C:\Users\huyru\AppData\Local\openvr\openvrpaths.vrpath
[Child 10064] WARNING: pipe error: 109: file z:/build/build/src/ipc/chromium/src/chrome/common/ipc_channel_win.cc, line 346
[Parent 9720] WARNING: pipe error: 109: file z:/build/build/src/ipc/chromium/src/chrome/common/ipc_channel_win.cc, line 346
Unable to read VR Path Registry from C:\Users\huyru\AppData\Local\openvr\openvrpaths.vrpath
[Child 11924] WARNING: pipe error: 109: file z:/build/build/src/ipc/chromium/src/chrome/common/ipc_channel_win.cc, line 346
[Child 11924] WARNING: pipe error: 109: file z:/build/build/src/ipc/chromium/src/chrome/common/ipc_channel_win.cc, line 346
*** UTM:SVC TimerManager:registerTimer called after profile-before-change notification. Ignoring timer registration for id: telemetry_modules_ping

###!!! [Child][MessageChannel::SendAndWait] Error: Channel error: cannot send/recv

